{"/home/caio/Documents/Documentos/ninja/semana33/src/sum.js":{"path":"/home/caio/Documents/Documentos/ninja/semana33/src/sum.js","s":{"1":1,"2":5,"3":1,"4":4,"5":1,"6":3,"7":1,"8":10,"9":1,"10":7,"11":1},"b":{"1":[1,4],"2":[5,5],"3":[1,3],"4":[4,3]},"f":{},"fnMap":{},"statementMap":{"1":{"start":{"line":3,"column":0},"end":{"line":11,"column":1}},"2":{"start":{"line":4,"column":4},"end":{"line":6,"column":5}},"3":{"start":{"line":5,"column":8},"end":{"line":5,"column":61}},"4":{"start":{"line":7,"column":4},"end":{"line":9,"column":5}},"5":{"start":{"line":8,"column":8},"end":{"line":8,"column":60}},"6":{"start":{"line":10,"column":4},"end":{"line":10,"column":18}},"7":{"start":{"line":13,"column":0},"end":{"line":13,"column":27}},"8":{"start":{"line":13,"column":23},"end":{"line":13,"column":27}},"9":{"start":{"line":15,"column":0},"end":{"line":15,"column":81}},"10":{"start":{"line":15,"column":24},"end":{"line":15,"column":81}},"11":{"start":{"line":17,"column":0},"end":{"line":17,"column":20}}},"branchMap":{"1":{"line":4,"type":"if","locations":[{"start":{"line":4,"column":4},"end":{"line":4,"column":4}},{"start":{"line":4,"column":4},"end":{"line":4,"column":4}}]},"2":{"line":4,"type":"binary-expr","locations":[{"start":{"line":4,"column":8},"end":{"line":4,"column":19}},{"start":{"line":4,"column":23},"end":{"line":4,"column":34}}]},"3":{"line":7,"type":"if","locations":[{"start":{"line":7,"column":4},"end":{"line":7,"column":4}},{"start":{"line":7,"column":4},"end":{"line":7,"column":4}}]},"4":{"line":7,"type":"binary-expr","locations":[{"start":{"line":7,"column":8},"end":{"line":7,"column":21}},{"start":{"line":7,"column":25},"end":{"line":7,"column":38}}]}}}}